2022-04-05 11:59:45.198 [main] INFO  com.lp.SpringbootNettyApplication - Starting SpringbootNettyApplication using Java 1.8.0_281 on LAPTOP-BRSC5JRJ with PID 66380 (D:\java\javaCase\springboot_netty\target\classes started by lipeng in D:\java\javaCase\springboot_netty)
2022-04-05 11:59:45.201 [main] INFO  com.lp.SpringbootNettyApplication - The following profiles are active: dev
2022-04-05 11:59:45.610 [main] INFO  o.s.d.r.config.RepositoryConfigurationDelegate - Multiple Spring Data modules found, entering strict repository configuration mode!
2022-04-05 11:59:45.611 [main] INFO  o.s.d.r.config.RepositoryConfigurationDelegate - Bootstrapping Spring Data Redis repositories in DEFAULT mode.
2022-04-05 11:59:45.631 [main] INFO  o.s.d.r.config.RepositoryConfigurationDelegate - Finished Spring Data repository scanning in 8 ms. Found 0 Redis repository interfaces.
2022-04-05 11:59:46.030 [main] INFO  o.s.boot.web.embedded.tomcat.TomcatWebServer - Tomcat initialized with port(s): 8080 (http)
2022-04-05 11:59:46.037 [main] INFO  org.apache.coyote.http11.Http11NioProtocol - Initializing ProtocolHandler ["http-nio-8080"]
2022-04-05 11:59:46.038 [main] INFO  org.apache.catalina.core.StandardService - Starting service [Tomcat]
2022-04-05 11:59:46.038 [main] INFO  org.apache.catalina.core.StandardEngine - Starting Servlet engine: [Apache Tomcat/9.0.56]
2022-04-05 11:59:46.125 [main] INFO  o.a.c.core.ContainerBase.[Tomcat].[localhost].[/] - Initializing Spring embedded WebApplicationContext
2022-04-05 11:59:46.125 [main] INFO  o.s.b.w.s.c.ServletWebServerApplicationContext - Root WebApplicationContext: initialization completed in 895 ms
2022-04-05 11:59:47.182 [main] INFO  com.lp.netty.NettyRunServletContextListener - ====== springboot netty start ======
2022-04-05 11:59:47.208 [main] INFO  org.apache.catalina.core.StandardService - Stopping service [Tomcat]
2022-04-05 11:59:47.212 [main] INFO  com.lp.netty.config.NettyConfig - Shutdown Netty Server...
2022-04-05 12:00:37.974 [Thread-7] INFO  com.lp.netty.NettyRunServletContextListener - ---nettyConfig destroy---
2022-04-05 12:00:37.974 [Thread-7] INFO  com.lp.netty.config.NettyConfig - Shutdown Netty Server...
2022-04-05 12:00:43.920 [main] INFO  com.lp.SpringbootNettyApplicationTests - Starting SpringbootNettyApplicationTests using Java 1.8.0_281 on LAPTOP-BRSC5JRJ with PID 66272 (started by lipeng in D:\java\javaCase\springboot_netty)
2022-04-05 12:00:43.921 [main] INFO  com.lp.SpringbootNettyApplicationTests - The following profiles are active: dev
2022-04-05 12:00:44.321 [main] INFO  o.s.d.r.config.RepositoryConfigurationDelegate - Multiple Spring Data modules found, entering strict repository configuration mode!
2022-04-05 12:00:44.324 [main] INFO  o.s.d.r.config.RepositoryConfigurationDelegate - Bootstrapping Spring Data Redis repositories in DEFAULT mode.
2022-04-05 12:00:44.349 [main] INFO  o.s.d.r.config.RepositoryConfigurationDelegate - Finished Spring Data repository scanning in 10 ms. Found 0 Redis repository interfaces.
2022-04-05 12:02:31.436 [main] INFO  com.lp.SpringbootNettyApplicationTests - Starting SpringbootNettyApplicationTests using Java 1.8.0_281 on LAPTOP-BRSC5JRJ with PID 45072 (started by lipeng in D:\java\javaCase\springboot_netty)
2022-04-05 12:02:31.438 [main] INFO  com.lp.SpringbootNettyApplicationTests - The following profiles are active: dev
2022-04-05 12:02:31.834 [main] INFO  o.s.d.r.config.RepositoryConfigurationDelegate - Multiple Spring Data modules found, entering strict repository configuration mode!
2022-04-05 12:02:31.837 [main] INFO  o.s.d.r.config.RepositoryConfigurationDelegate - Bootstrapping Spring Data Redis repositories in DEFAULT mode.
2022-04-05 12:02:31.861 [main] INFO  o.s.d.r.config.RepositoryConfigurationDelegate - Finished Spring Data repository scanning in 11 ms. Found 0 Redis repository interfaces.
2022-04-05 12:02:34.563 [main] INFO  com.lp.SpringbootNettyApplicationTests - Started SpringbootNettyApplicationTests in 3.51 seconds (JVM running for 4.466)
2022-04-05 12:02:34.921 [main] INFO  com.lp.netty.NettyBootsrapRunner - websocket 服务启动，ip=0.0.0.0,port=1024
2022-04-05 12:03:45.009 [SpringApplicationShutdownHook] INFO  com.lp.netty.NettyBootsrapRunner - websocket 服务停止
